2022-05-21 14:44:11,368:45:DEBUG:Reading English embeddings...
2022-05-21 14:44:54,740:45:DEBUG:Reading English embeddings...
2022-05-21 14:44:54,775:51:DEBUG:       count      mean       std      min       25%       50%       75%       max
0  1391616.0  0.000417  0.036067 -0.21739 -0.021912 -0.000018  0.022248  0.262548
2022-05-21 14:44:54,816:52:DEBUG:       count      mean       std      min       25%       50%      75%       max
0  1391616.0  0.003646  0.035884 -0.19326 -0.018321  0.003052  0.02482  0.329557
2022-05-21 14:45:12,442:45:DEBUG:Reading English embeddings...
2022-05-21 14:46:32,943:45:DEBUG:Reading English embeddings...
2022-05-21 14:46:47,855:45:DEBUG:Reading English embeddings...
2022-05-21 14:54:40,136:50:DEBUG:Reading English embeddings...
2022-05-21 14:54:59,298:50:DEBUG:Reading English embeddings...
2022-05-21 14:57:27,242:67:DEBUG:Reading English embeddings...
2022-05-21 15:04:10,994:67:DEBUG:Reading English embeddings...
2022-05-21 15:04:25,964:67:DEBUG:Reading English embeddings...
2022-05-21 15:04:39,525:67:DEBUG:Reading English embeddings...
2022-05-21 15:05:04,360:67:DEBUG:Reading English embeddings...
2022-05-21 15:05:47,548:67:DEBUG:Reading English embeddings...
2022-05-21 15:06:32,625:67:DEBUG:Reading English embeddings...
2022-05-21 15:06:38,738:67:DEBUG:Reading English embeddings...
2022-05-21 15:07:18,216:67:DEBUG:Reading English embeddings...
2022-05-21 15:08:00,997:67:DEBUG:Reading English embeddings...
2022-05-21 15:08:25,638:67:DEBUG:Reading English embeddings...
2022-05-21 15:08:54,891:67:DEBUG:Reading English embeddings...
2022-05-21 15:09:53,747:67:DEBUG:Reading English embeddings...
2022-05-21 15:10:14,691:67:DEBUG:Reading English embeddings...
2022-05-21 15:11:54,495:68:DEBUG:Reading English embeddings...
2022-05-21 15:14:52,546:68:DEBUG:Reading English embeddings...
2022-05-21 15:15:00,577:68:DEBUG:Reading English embeddings...
2022-05-21 15:15:19,451:68:DEBUG:Reading English embeddings...
2022-05-21 15:15:31,553:68:DEBUG:Reading English embeddings...
2022-05-21 15:15:42,931:68:DEBUG:Reading English embeddings...
2022-05-21 15:16:31,494:68:DEBUG:Reading English embeddings...
2022-05-21 15:17:03,725:68:DEBUG:Reading English embeddings...
2022-05-21 15:17:26,433:68:DEBUG:Reading English embeddings...
2022-05-21 15:18:41,749:68:DEBUG:Reading English embeddings...
2022-05-21 15:18:51,603:68:DEBUG:Reading English embeddings...
2022-05-21 15:19:18,843:69:DEBUG:Reading English embeddings...
2022-05-21 15:20:28,434:69:DEBUG:Reading English embeddings...
2022-05-21 15:21:27,093:69:DEBUG:Reading English embeddings...
2022-05-21 15:21:40,318:69:DEBUG:Reading English embeddings...
2022-05-21 15:21:59,241:69:DEBUG:Reading English embeddings...
2022-05-21 15:22:06,968:69:DEBUG:Reading English embeddings...
2022-05-21 15:22:14,604:69:DEBUG:Reading English embeddings...
2022-05-21 15:22:22,360:69:DEBUG:Reading English embeddings...
2022-05-21 15:24:01,447:69:DEBUG:Reading English embeddings...
2022-05-21 15:24:30,896:69:DEBUG:Reading English embeddings...
2022-05-21 15:24:52,658:69:DEBUG:Reading English embeddings...
2022-05-21 15:26:30,653:69:DEBUG:Reading English embeddings...
2022-05-21 15:26:51,155:69:DEBUG:Reading English embeddings...
2022-05-21 15:27:32,703:69:DEBUG:Reading English embeddings...
2022-05-21 15:40:49,247:69:DEBUG:Reading English embeddings...
2022-05-21 15:41:00,945:69:DEBUG:Reading English embeddings...
2022-05-21 15:41:17,054:69:DEBUG:Reading English embeddings...
2022-05-21 15:41:47,221:69:DEBUG:Reading English embeddings...
2022-05-21 15:42:18,114:69:DEBUG:Reading English embeddings...
2022-05-21 15:43:37,814:69:DEBUG:Reading English embeddings...
2022-05-21 15:43:49,025:69:DEBUG:Reading English embeddings...
2022-05-21 15:46:28,543:70:DEBUG:Reading English embeddings...
2022-05-21 15:47:00,432:70:DEBUG:Reading English embeddings...
2022-05-21 15:47:09,493:71:DEBUG:Reading English embeddings...
2022-05-21 15:49:06,540:71:DEBUG:Reading English embeddings...
2022-05-21 15:49:53,041:71:DEBUG:Reading English embeddings...
2022-05-21 15:50:39,133:71:DEBUG:Reading English embeddings...
2022-05-21 15:51:09,119:72:DEBUG:Reading English embeddings...
2022-05-21 15:57:50,019:72:DEBUG:Reading English embeddings...
2022-05-21 15:58:01,374:72:DEBUG:Reading English embeddings...
2022-05-21 15:58:13,774:72:DEBUG:Reading English embeddings...
2022-05-21 16:01:34,628:78:DEBUG:Reading English embeddings...
2022-05-21 16:02:08,084:79:DEBUG:Reading English embeddings...
2022-05-21 16:02:30,448:79:DEBUG:Reading English embeddings...
2022-05-21 16:04:02,141:79:DEBUG:Reading English embeddings...
2022-05-21 16:04:28,014:80:DEBUG:Reading English embeddings...
2022-05-21 16:04:59,047:80:DEBUG:Reading English embeddings...
2022-05-21 16:09:11,207:83:DEBUG:Reading English embeddings...
2022-05-21 16:09:20,144:83:DEBUG:Reading English embeddings...
2022-05-21 16:09:39,790:83:DEBUG:Reading English embeddings...
2022-05-21 16:09:45,131:83:DEBUG:Reading English embeddings...
2022-05-21 16:11:22,184:80:DEBUG:Reading English embeddings...
2022-05-21 16:12:15,053:80:DEBUG:Reading English embeddings...
2022-05-21 16:12:36,568:80:DEBUG:Reading English embeddings...
2022-05-21 16:12:56,601:80:DEBUG:Reading English embeddings...
2022-05-21 16:15:43,711:81:DEBUG:Reading English embeddings...
2022-05-21 16:17:11,236:81:DEBUG:Reading English embeddings...
2022-05-21 16:20:17,671:81:DEBUG:Reading English embeddings...
